<?xml version="1.0" encoding="UTF-8"?>
<testng-results ignored="0" total="1" passed="1" failed="0" skipped="0">
  <reporter-output>
  </reporter-output>
  <suite started-at="2023-02-12T17:39:56 IST" name="Default suite" finished-at="2023-02-12T17:43:39 IST" duration-ms="222674">
    <groups>
    </groups>
    <test started-at="2023-02-12T17:39:56 IST" name="Default test" finished-at="2023-02-12T17:43:39 IST" duration-ms="222674">
      <class name="testcases.All_Scenarios">
        <test-method is-config="true" signature="driverlaunch()[pri:0, instance:testcases.All_Scenarios@491b9b8]" started-at="2023-02-12T17:39:56 IST" name="driverlaunch" finished-at="2023-02-12T17:40:14 IST" duration-ms="17321" status="PASS">
          <reporter-output>
          </reporter-output>
        </test-method> <!-- driverlaunch -->
        <test-method signature="AllScenarios()[pri:0, instance:testcases.All_Scenarios@491b9b8]" started-at="2023-02-12T17:40:14 IST" name="AllScenarios" finished-at="2023-02-12T17:43:39 IST" duration-ms="204933" status="PASS">
          <reporter-output>
          </reporter-output>
        </test-method> <!-- AllScenarios -->
      </class> <!-- testcases.All_Scenarios -->
    </test> <!-- Default test -->
  </suite> <!-- Default suite -->
</testng-results>
